Rails Error: Unable to access log file. Please ensure that /usr/src/app/log/production.log exists and is writable (ie, make it writable for user and group: chmod 0664 /usr/src/app/log/production.log). The log level has been raised to WARN and the output directed to STDERR until the problem is fixed.
rake aborted!
Errno::ECONNREFUSED: Connection refused - connect(2) for 0.0.0.0:993
/usr/src/app/lib/redmine/imap.rb:53:in `new'
/usr/src/app/lib/redmine/imap.rb:53:in `connect_imap'
/usr/src/app/lib/redmine/imap.rb:37:in `check'
/usr/src/app/lib/tasks/email.rake:151:in `block (3 levels) in <top (required)>'
/usr/local/bundle/gems/rake-12.3.1/exe/rake:27:in `<top (required)>'
/usr/local/bundle/gems/bundler-1.17.1/lib/bundler/cli/exec.rb:74:in `load'
/usr/local/bundle/gems/bundler-1.17.1/lib/bundler/cli/exec.rb:74:in `kernel_load'
/usr/local/bundle/gems/bundler-1.17.1/lib/bundler/cli/exec.rb:28:in `run'
/usr/local/bundle/gems/bundler-1.17.1/lib/bundler/cli.rb:463:in `exec'
/usr/local/bundle/gems/bundler-1.17.1/lib/bundler/vendor/thor/lib/thor/command.rb:27:in `run'
/usr/local/bundle/gems/bundler-1.17.1/lib/bundler/vendor/thor/lib/thor/invocation.rb:126:in `invoke_command'
/usr/local/bundle/gems/bundler-1.17.1/lib/bundler/vendor/thor/lib/thor.rb:387:in `dispatch'
/usr/local/bundle/gems/bundler-1.17.1/lib/bundler/cli.rb:27:in `dispatch'
/usr/local/bundle/gems/bundler-1.17.1/lib/bundler/vendor/thor/lib/thor/base.rb:466:in `start'
/usr/local/bundle/gems/bundler-1.17.1/lib/bundler/cli.rb:18:in `start'
/usr/local/bundle/gems/bundler-1.17.1/exe/bundle:30:in `block in <top (required)>'
/usr/local/bundle/gems/bundler-1.17.1/lib/bundler/friendly_errors.rb:124:in `with_friendly_errors'
/usr/local/bundle/gems/bundler-1.17.1/exe/bundle:22:in `<top (required)>'
/usr/local/bundle/bin/bundle:23:in `load'
/usr/local/bundle/bin/bundle:23:in `<main>'
Tasks: TOP => redmine:email:receive_imap
(See full trace by running task with --trace)
Rails Error: Unable to access log file. Please ensure that /usr/src/app/log/production.log exists and is writable (ie, make it writable for user and group: chmod 0664 /usr/src/app/log/production.log). The log level has been raised to WARN and the output directed to STDERR until the problem is fixed.
rake aborted!
Errno::ECONNREFUSED: Connection refused - connect(2) for 0.0.0.0:993
/usr/src/app/lib/redmine/imap.rb:53:in `new'
/usr/src/app/lib/redmine/imap.rb:53:in `connect_imap'
/usr/src/app/lib/redmine/imap.rb:37:in `check'
/usr/src/app/lib/tasks/email.rake:151:in `block (3 levels) in <top (required)>'
/usr/local/bundle/gems/rake-12.3.1/exe/rake:27:in `<top (required)>'
/usr/local/bundle/gems/bundler-1.17.1/lib/bundler/cli/exec.rb:74:in `load'
/usr/local/bundle/gems/bundler-1.17.1/lib/bundler/cli/exec.rb:74:in `kernel_load'
/usr/local/bundle/gems/bundler-1.17.1/lib/bundler/cli/exec.rb:28:in `run'
/usr/local/bundle/gems/bundler-1.17.1/lib/bundler/cli.rb:463:in `exec'
/usr/local/bundle/gems/bundler-1.17.1/lib/bundler/vendor/thor/lib/thor/command.rb:27:in `run'
/usr/local/bundle/gems/bundler-1.17.1/lib/bundler/vendor/thor/lib/thor/invocation.rb:126:in `invoke_command'
/usr/local/bundle/gems/bundler-1.17.1/lib/bundler/vendor/thor/lib/thor.rb:387:in `dispatch'
/usr/local/bundle/gems/bundler-1.17.1/lib/bundler/cli.rb:27:in `dispatch'
/usr/local/bundle/gems/bundler-1.17.1/lib/bundler/vendor/thor/lib/thor/base.rb:466:in `start'
/usr/local/bundle/gems/bundler-1.17.1/lib/bundler/cli.rb:18:in `start'
/usr/local/bundle/gems/bundler-1.17.1/exe/bundle:30:in `block in <top (required)>'
/usr/local/bundle/gems/bundler-1.17.1/lib/bundler/friendly_errors.rb:124:in `with_friendly_errors'
/usr/local/bundle/gems/bundler-1.17.1/exe/bundle:22:in `<top (required)>'
/usr/local/bundle/bin/bundle:23:in `load'
/usr/local/bundle/bin/bundle:23:in `<main>'
Tasks: TOP => redmine:email:receive_imap
(See full trace by running task with --trace)
Rails Error: Unable to access log file. Please ensure that /usr/src/app/log/production.log exists and is writable (ie, make it writable for user and group: chmod 0664 /usr/src/app/log/production.log). The log level has been raised to WARN and the output directed to STDERR until the problem is fixed.
rake aborted!
Errno::ECONNREFUSED: Connection refused - connect(2) for 0.0.0.0:993
/usr/src/app/lib/redmine/imap.rb:53:in `new'
/usr/src/app/lib/redmine/imap.rb:53:in `connect_imap'
/usr/src/app/lib/redmine/imap.rb:37:in `check'
/usr/src/app/lib/tasks/email.rake:151:in `block (3 levels) in <top (required)>'
/usr/local/bundle/gems/rake-12.3.1/exe/rake:27:in `<top (required)>'
/usr/local/bundle/gems/bundler-1.17.1/lib/bundler/cli/exec.rb:74:in `load'
/usr/local/bundle/gems/bundler-1.17.1/lib/bundler/cli/exec.rb:74:in `kernel_load'
/usr/local/bundle/gems/bundler-1.17.1/lib/bundler/cli/exec.rb:28:in `run'
/usr/local/bundle/gems/bundler-1.17.1/lib/bundler/cli.rb:463:in `exec'
/usr/local/bundle/gems/bundler-1.17.1/lib/bundler/vendor/thor/lib/thor/command.rb:27:in `run'
/usr/local/bundle/gems/bundler-1.17.1/lib/bundler/vendor/thor/lib/thor/invocation.rb:126:in `invoke_command'
/usr/local/bundle/gems/bundler-1.17.1/lib/bundler/vendor/thor/lib/thor.rb:387:in `dispatch'
/usr/local/bundle/gems/bundler-1.17.1/lib/bundler/cli.rb:27:in `dispatch'
/usr/local/bundle/gems/bundler-1.17.1/lib/bundler/vendor/thor/lib/thor/base.rb:466:in `start'
/usr/local/bundle/gems/bundler-1.17.1/lib/bundler/cli.rb:18:in `start'
/usr/local/bundle/gems/bundler-1.17.1/exe/bundle:30:in `block in <top (required)>'
/usr/local/bundle/gems/bundler-1.17.1/lib/bundler/friendly_errors.rb:124:in `with_friendly_errors'
/usr/local/bundle/gems/bundler-1.17.1/exe/bundle:22:in `<top (required)>'
/usr/local/bundle/bin/bundle:23:in `load'
/usr/local/bundle/bin/bundle:23:in `<main>'
Tasks: TOP => redmine:email:receive_imap
(See full trace by running task with --trace)
Rails Error: Unable to access log file. Please ensure that /usr/src/app/log/production.log exists and is writable (ie, make it writable for user and group: chmod 0664 /usr/src/app/log/production.log). The log level has been raised to WARN and the output directed to STDERR until the problem is fixed.
rake aborted!
Errno::ECONNREFUSED: Connection refused - connect(2) for 0.0.0.0:993
/usr/src/app/lib/redmine/imap.rb:53:in `new'
/usr/src/app/lib/redmine/imap.rb:53:in `connect_imap'
/usr/src/app/lib/redmine/imap.rb:37:in `check'
/usr/src/app/lib/tasks/email.rake:151:in `block (3 levels) in <top (required)>'
/usr/local/bundle/gems/rake-12.3.1/exe/rake:27:in `<top (required)>'
/usr/local/bundle/gems/bundler-1.17.1/lib/bundler/cli/exec.rb:74:in `load'
/usr/local/bundle/gems/bundler-1.17.1/lib/bundler/cli/exec.rb:74:in `kernel_load'
/usr/local/bundle/gems/bundler-1.17.1/lib/bundler/cli/exec.rb:28:in `run'
/usr/local/bundle/gems/bundler-1.17.1/lib/bundler/cli.rb:463:in `exec'
/usr/local/bundle/gems/bundler-1.17.1/lib/bundler/vendor/thor/lib/thor/command.rb:27:in `run'
/usr/local/bundle/gems/bundler-1.17.1/lib/bundler/vendor/thor/lib/thor/invocation.rb:126:in `invoke_command'
/usr/local/bundle/gems/bundler-1.17.1/lib/bundler/vendor/thor/lib/thor.rb:387:in `dispatch'
/usr/local/bundle/gems/bundler-1.17.1/lib/bundler/cli.rb:27:in `dispatch'
/usr/local/bundle/gems/bundler-1.17.1/lib/bundler/vendor/thor/lib/thor/base.rb:466:in `start'
/usr/local/bundle/gems/bundler-1.17.1/lib/bundler/cli.rb:18:in `start'
/usr/local/bundle/gems/bundler-1.17.1/exe/bundle:30:in `block in <top (required)>'
/usr/local/bundle/gems/bundler-1.17.1/lib/bundler/friendly_errors.rb:124:in `with_friendly_errors'
/usr/local/bundle/gems/bundler-1.17.1/exe/bundle:22:in `<top (required)>'
/usr/local/bundle/bin/bundle:23:in `load'
/usr/local/bundle/bin/bundle:23:in `<main>'
Tasks: TOP => redmine:email:receive_imap
(See full trace by running task with --trace)
Rails Error: Unable to access log file. Please ensure that /usr/src/app/log/production.log exists and is writable (ie, make it writable for user and group: chmod 0664 /usr/src/app/log/production.log). The log level has been raised to WARN and the output directed to STDERR until the problem is fixed.
rake aborted!
Errno::ECONNREFUSED: Connection refused - connect(2) for 0.0.0.0:993
/usr/src/app/lib/redmine/imap.rb:53:in `new'
/usr/src/app/lib/redmine/imap.rb:53:in `connect_imap'
/usr/src/app/lib/redmine/imap.rb:37:in `check'
/usr/src/app/lib/tasks/email.rake:151:in `block (3 levels) in <top (required)>'
/usr/local/bundle/gems/rake-12.3.1/exe/rake:27:in `<top (required)>'
/usr/local/bundle/gems/bundler-1.17.1/lib/bundler/cli/exec.rb:74:in `load'
/usr/local/bundle/gems/bundler-1.17.1/lib/bundler/cli/exec.rb:74:in `kernel_load'
/usr/local/bundle/gems/bundler-1.17.1/lib/bundler/cli/exec.rb:28:in `run'
/usr/local/bundle/gems/bundler-1.17.1/lib/bundler/cli.rb:463:in `exec'
/usr/local/bundle/gems/bundler-1.17.1/lib/bundler/vendor/thor/lib/thor/command.rb:27:in `run'
/usr/local/bundle/gems/bundler-1.17.1/lib/bundler/vendor/thor/lib/thor/invocation.rb:126:in `invoke_command'
/usr/local/bundle/gems/bundler-1.17.1/lib/bundler/vendor/thor/lib/thor.rb:387:in `dispatch'
/usr/local/bundle/gems/bundler-1.17.1/lib/bundler/cli.rb:27:in `dispatch'
/usr/local/bundle/gems/bundler-1.17.1/lib/bundler/vendor/thor/lib/thor/base.rb:466:in `start'
/usr/local/bundle/gems/bundler-1.17.1/lib/bundler/cli.rb:18:in `start'
/usr/local/bundle/gems/bundler-1.17.1/exe/bundle:30:in `block in <top (required)>'
/usr/local/bundle/gems/bundler-1.17.1/lib/bundler/friendly_errors.rb:124:in `with_friendly_errors'
/usr/local/bundle/gems/bundler-1.17.1/exe/bundle:22:in `<top (required)>'
/usr/local/bundle/bin/bundle:23:in `load'
/usr/local/bundle/bin/bundle:23:in `<main>'
Tasks: TOP => redmine:email:receive_imap
(See full trace by running task with --trace)
Rails Error: Unable to access log file. Please ensure that /usr/src/app/log/production.log exists and is writable (ie, make it writable for user and group: chmod 0664 /usr/src/app/log/production.log). The log level has been raised to WARN and the output directed to STDERR until the problem is fixed.
rake aborted!
Errno::ECONNREFUSED: Connection refused - connect(2) for 0.0.0.0:993
/usr/src/app/lib/redmine/imap.rb:53:in `new'
/usr/src/app/lib/redmine/imap.rb:53:in `connect_imap'
/usr/src/app/lib/redmine/imap.rb:37:in `check'
/usr/src/app/lib/tasks/email.rake:151:in `block (3 levels) in <top (required)>'
/usr/local/bundle/gems/rake-12.3.1/exe/rake:27:in `<top (required)>'
/usr/local/bundle/gems/bundler-1.17.1/lib/bundler/cli/exec.rb:74:in `load'
/usr/local/bundle/gems/bundler-1.17.1/lib/bundler/cli/exec.rb:74:in `kernel_load'
/usr/local/bundle/gems/bundler-1.17.1/lib/bundler/cli/exec.rb:28:in `run'
/usr/local/bundle/gems/bundler-1.17.1/lib/bundler/cli.rb:463:in `exec'
/usr/local/bundle/gems/bundler-1.17.1/lib/bundler/vendor/thor/lib/thor/command.rb:27:in `run'
/usr/local/bundle/gems/bundler-1.17.1/lib/bundler/vendor/thor/lib/thor/invocation.rb:126:in `invoke_command'
/usr/local/bundle/gems/bundler-1.17.1/lib/bundler/vendor/thor/lib/thor.rb:387:in `dispatch'
/usr/local/bundle/gems/bundler-1.17.1/lib/bundler/cli.rb:27:in `dispatch'
/usr/local/bundle/gems/bundler-1.17.1/lib/bundler/vendor/thor/lib/thor/base.rb:466:in `start'
/usr/local/bundle/gems/bundler-1.17.1/lib/bundler/cli.rb:18:in `start'
/usr/local/bundle/gems/bundler-1.17.1/exe/bundle:30:in `block in <top (required)>'
/usr/local/bundle/gems/bundler-1.17.1/lib/bundler/friendly_errors.rb:124:in `with_friendly_errors'
/usr/local/bundle/gems/bundler-1.17.1/exe/bundle:22:in `<top (required)>'
/usr/local/bundle/bin/bundle:23:in `load'
/usr/local/bundle/bin/bundle:23:in `<main>'
Tasks: TOP => redmine:email:receive_imap
(See full trace by running task with --trace)
Rails Error: Unable to access log file. Please ensure that /usr/src/app/log/production.log exists and is writable (ie, make it writable for user and group: chmod 0664 /usr/src/app/log/production.log). The log level has been raised to WARN and the output directed to STDERR until the problem is fixed.
rake aborted!
Errno::ECONNREFUSED: Connection refused - connect(2) for 0.0.0.0:993
/usr/src/app/lib/redmine/imap.rb:53:in `new'
/usr/src/app/lib/redmine/imap.rb:53:in `connect_imap'
/usr/src/app/lib/redmine/imap.rb:37:in `check'
/usr/src/app/lib/tasks/email.rake:151:in `block (3 levels) in <top (required)>'
/usr/local/bundle/gems/rake-12.3.1/exe/rake:27:in `<top (required)>'
/usr/local/bundle/gems/bundler-1.17.1/lib/bundler/cli/exec.rb:74:in `load'
/usr/local/bundle/gems/bundler-1.17.1/lib/bundler/cli/exec.rb:74:in `kernel_load'
/usr/local/bundle/gems/bundler-1.17.1/lib/bundler/cli/exec.rb:28:in `run'
/usr/local/bundle/gems/bundler-1.17.1/lib/bundler/cli.rb:463:in `exec'
/usr/local/bundle/gems/bundler-1.17.1/lib/bundler/vendor/thor/lib/thor/command.rb:27:in `run'
/usr/local/bundle/gems/bundler-1.17.1/lib/bundler/vendor/thor/lib/thor/invocation.rb:126:in `invoke_command'
/usr/local/bundle/gems/bundler-1.17.1/lib/bundler/vendor/thor/lib/thor.rb:387:in `dispatch'
/usr/local/bundle/gems/bundler-1.17.1/lib/bundler/cli.rb:27:in `dispatch'
/usr/local/bundle/gems/bundler-1.17.1/lib/bundler/vendor/thor/lib/thor/base.rb:466:in `start'
/usr/local/bundle/gems/bundler-1.17.1/lib/bundler/cli.rb:18:in `start'
/usr/local/bundle/gems/bundler-1.17.1/exe/bundle:30:in `block in <top (required)>'
/usr/local/bundle/gems/bundler-1.17.1/lib/bundler/friendly_errors.rb:124:in `with_friendly_errors'
/usr/local/bundle/gems/bundler-1.17.1/exe/bundle:22:in `<top (required)>'
/usr/local/bundle/bin/bundle:23:in `load'
/usr/local/bundle/bin/bundle:23:in `<main>'
Tasks: TOP => redmine:email:receive_imap
(See full trace by running task with --trace)
