[cron] Checking for new emails from IMAP
`/root` is not writable.
Bundler will use `/tmp/bundler/home/unknown' as your home directory temporarily.
hook registered
[auth_saml] Missing settings from '/usr/src/app/config/plugins/auth_saml/settings.yml', skipping omniauth registration.
[cron] Rescheduling in 600s
[cron] Checking for new emails from IMAP
`/root` is not writable.
Bundler will use `/tmp/bundler/home/unknown' as your home directory temporarily.
hook registered
[auth_saml] Missing settings from '/usr/src/app/config/plugins/auth_saml/settings.yml', skipping omniauth registration.
[cron] Rescheduling in 600s
[cron] Checking for new emails from IMAP
`/root` is not writable.
Bundler will use `/tmp/bundler/home/unknown' as your home directory temporarily.
hook registered
[auth_saml] Missing settings from '/usr/src/app/config/plugins/auth_saml/settings.yml', skipping omniauth registration.
[cron] Rescheduling in 600s
[cron] Checking for new emails from IMAP
`/root` is not writable.
Bundler will use `/tmp/bundler/home/unknown' as your home directory temporarily.
hook registered
[auth_saml] Missing settings from '/usr/src/app/config/plugins/auth_saml/settings.yml', skipping omniauth registration.
[cron] Rescheduling in 600s
[cron] Checking for new emails from IMAP
`/root` is not writable.
Bundler will use `/tmp/bundler/home/unknown' as your home directory temporarily.
hook registered
[auth_saml] Missing settings from '/usr/src/app/config/plugins/auth_saml/settings.yml', skipping omniauth registration.
[cron] Rescheduling in 600s
[cron] Checking for new emails from IMAP
`/root` is not writable.
Bundler will use `/tmp/bundler/home/unknown' as your home directory temporarily.
hook registered
[auth_saml] Missing settings from '/usr/src/app/config/plugins/auth_saml/settings.yml', skipping omniauth registration.
[cron] Rescheduling in 600s
[cron] Checking for new emails from IMAP
`/root` is not writable.
Bundler will use `/tmp/bundler/home/unknown' as your home directory temporarily.
hook registered
[auth_saml] Missing settings from '/usr/src/app/config/plugins/auth_saml/settings.yml', skipping omniauth registration.
[cron] Rescheduling in 600s
[cron] Checking for new emails from IMAP
`/root` is not writable.
Bundler will use `/tmp/bundler/home/unknown' as your home directory temporarily.
hook registered
[auth_saml] Missing settings from '/usr/src/app/config/plugins/auth_saml/settings.yml', skipping omniauth registration.
[cron] Rescheduling in 600s
[cron] Checking for new emails from IMAP
`/root` is not writable.
Bundler will use `/tmp/bundler/home/unknown' as your home directory temporarily.
hook registered
[auth_saml] Missing settings from '/usr/src/app/config/plugins/auth_saml/settings.yml', skipping omniauth registration.
[cron] Rescheduling in 600s
[cron] Checking for new emails from IMAP
`/root` is not writable.
Bundler will use `/tmp/bundler/home/unknown' as your home directory temporarily.
hook registered
[auth_saml] Missing settings from '/usr/src/app/config/plugins/auth_saml/settings.yml', skipping omniauth registration.
[cron] Rescheduling in 600s
[cron] Checking for new emails from IMAP
`/root` is not writable.
Bundler will use `/tmp/bundler/home/unknown' as your home directory temporarily.
hook registered
[auth_saml] Missing settings from '/usr/src/app/config/plugins/auth_saml/settings.yml', skipping omniauth registration.
[cron] Rescheduling in 600s
[cron] Checking for new emails from IMAP
`/root` is not writable.
Bundler will use `/tmp/bundler/home/unknown' as your home directory temporarily.
hook registered
[auth_saml] Missing settings from '/usr/src/app/config/plugins/auth_saml/settings.yml', skipping omniauth registration.
[cron] Rescheduling in 600s
[cron] Checking for new emails from IMAP
`/root` is not writable.
Bundler will use `/tmp/bundler/home/unknown' as your home directory temporarily.
hook registered
[auth_saml] Missing settings from '/usr/src/app/config/plugins/auth_saml/settings.yml', skipping omniauth registration.
[cron] Rescheduling in 600s
[cron] Checking for new emails from IMAP
`/root` is not writable.
Bundler will use `/tmp/bundler/home/unknown' as your home directory temporarily.
hook registered
[auth_saml] Missing settings from '/usr/src/app/config/plugins/auth_saml/settings.yml', skipping omniauth registration.
[cron] Rescheduling in 600s
[cron] Checking for new emails from IMAP
`/root` is not writable.
Bundler will use `/tmp/bundler/home/unknown' as your home directory temporarily.
hook registered
[auth_saml] Missing settings from '/usr/src/app/config/plugins/auth_saml/settings.yml', skipping omniauth registration.
[cron] Rescheduling in 600s
[cron] Checking for new emails from IMAP
`/root` is not writable.
Bundler will use `/tmp/bundler/home/unknown' as your home directory temporarily.
hook registered
[auth_saml] Missing settings from '/usr/src/app/config/plugins/auth_saml/settings.yml', skipping omniauth registration.
[cron] Rescheduling in 600s
[cron] Checking for new emails from IMAP
`/root` is not writable.
Bundler will use `/tmp/bundler/home/unknown' as your home directory temporarily.
hook registered
[auth_saml] Missing settings from '/usr/src/app/config/plugins/auth_saml/settings.yml', skipping omniauth registration.
[cron] Rescheduling in 600s
[cron] Checking for new emails from IMAP
`/root` is not writable.
Bundler will use `/tmp/bundler/home/unknown' as your home directory temporarily.
hook registered
[auth_saml] Missing settings from '/usr/src/app/config/plugins/auth_saml/settings.yml', skipping omniauth registration.
[cron] Rescheduling in 600s
[cron] Checking for new emails from IMAP
`/root` is not writable.
Bundler will use `/tmp/bundler/home/unknown' as your home directory temporarily.
hook registered
[auth_saml] Missing settings from '/usr/src/app/config/plugins/auth_saml/settings.yml', skipping omniauth registration.
[cron] Rescheduling in 600s
[cron] Checking for new emails from IMAP
`/root` is not writable.
Bundler will use `/tmp/bundler/home/unknown' as your home directory temporarily.
hook registered
[auth_saml] Missing settings from '/usr/src/app/config/plugins/auth_saml/settings.yml', skipping omniauth registration.
[cron] Rescheduling in 600s
[cron] Checking for new emails from IMAP
`/root` is not writable.
Bundler will use `/tmp/bundler/home/unknown' as your home directory temporarily.
hook registered
[auth_saml] Missing settings from '/usr/src/app/config/plugins/auth_saml/settings.yml', skipping omniauth registration.
[cron] Rescheduling in 600s
[cron] Checking for new emails from IMAP
`/root` is not writable.
Bundler will use `/tmp/bundler/home/unknown' as your home directory temporarily.
hook registered
[auth_saml] Missing settings from '/usr/src/app/config/plugins/auth_saml/settings.yml', skipping omniauth registration.
[cron] Rescheduling in 600s
[cron] Checking for new emails from IMAP
`/root` is not writable.
Bundler will use `/tmp/bundler/home/unknown' as your home directory temporarily.
hook registered
[auth_saml] Missing settings from '/usr/src/app/config/plugins/auth_saml/settings.yml', skipping omniauth registration.
[cron] Rescheduling in 600s
[cron] Checking for new emails from IMAP
`/root` is not writable.
Bundler will use `/tmp/bundler/home/unknown' as your home directory temporarily.
hook registered
[auth_saml] Missing settings from '/usr/src/app/config/plugins/auth_saml/settings.yml', skipping omniauth registration.
[cron] Rescheduling in 600s
[cron] Checking for new emails from IMAP
`/root` is not writable.
Bundler will use `/tmp/bundler/home/unknown' as your home directory temporarily.
hook registered
[auth_saml] Missing settings from '/usr/src/app/config/plugins/auth_saml/settings.yml', skipping omniauth registration.
[cron] Rescheduling in 600s
[cron] Checking for new emails from IMAP
`/root` is not writable.
Bundler will use `/tmp/bundler/home/unknown' as your home directory temporarily.
hook registered
[auth_saml] Missing settings from '/usr/src/app/config/plugins/auth_saml/settings.yml', skipping omniauth registration.
[cron] Rescheduling in 600s
[cron] Checking for new emails from IMAP
`/root` is not writable.
Bundler will use `/tmp/bundler/home/unknown' as your home directory temporarily.
hook registered
[auth_saml] Missing settings from '/usr/src/app/config/plugins/auth_saml/settings.yml', skipping omniauth registration.
[cron] Rescheduling in 600s
[cron] Checking for new emails from IMAP
`/root` is not writable.
Bundler will use `/tmp/bundler/home/unknown' as your home directory temporarily.
hook registered
[auth_saml] Missing settings from '/usr/src/app/config/plugins/auth_saml/settings.yml', skipping omniauth registration.
[cron] Rescheduling in 600s
[cron] Checking for new emails from IMAP
`/root` is not writable.
Bundler will use `/tmp/bundler/home/unknown' as your home directory temporarily.
hook registered
[auth_saml] Missing settings from '/usr/src/app/config/plugins/auth_saml/settings.yml', skipping omniauth registration.
[cron] Rescheduling in 600s
[cron] Checking for new emails from IMAP
`/root` is not writable.
Bundler will use `/tmp/bundler/home/unknown' as your home directory temporarily.
hook registered
[auth_saml] Missing settings from '/usr/src/app/config/plugins/auth_saml/settings.yml', skipping omniauth registration.
[cron] Rescheduling in 600s
[cron] Checking for new emails from IMAP
`/root` is not writable.
Bundler will use `/tmp/bundler/home/unknown' as your home directory temporarily.
hook registered
[auth_saml] Missing settings from '/usr/src/app/config/plugins/auth_saml/settings.yml', skipping omniauth registration.
[cron] Rescheduling in 600s
